/cae/apps/data/synopsys-2016/common/auxx/gui/dv/dv_setup.tcl
/cae/apps/data/synopsys-2016/common/auxx/gui/syn/snpsSynProcs.tcl
/cae/apps/data/synopsys-2016/common/auxx/gui/syn/layout/pkgIndex.tcl
/cae/apps/data/synopsys-2016/common/auxx/gui/common/palettegroup/pkgIndex.tcl
/cae/apps/data/synopsys-2016/common/auxx/gui/common/fanoutviewer/pkgIndex.tcl
/cae/apps/data/synopsys-2016/common/auxx/gui/common/layout/pkgIndex.tcl
/cae/apps/data/synopsys-2016/common/auxx/gui/common/table/pkgIndex.tcl
/cae/apps/data/synopsys-2016/common/auxx/gui/common/menus/pkgIndex.tcl
/cae/apps/data/synopsys-2016/common/auxx/gui/common/libviewer/pkgIndex.tcl
/cae/apps/data/synopsys-2016/common/auxx/gui/common/regressionToolkit/pkgIndex.tcl
/cae/apps/data/synopsys-2016/common/auxx/gui/common/qtcl/pkgIndex.tcl
/cae/apps/data/synopsys-2016/common/auxx/gui/common/hierarchy/pkgIndex.tcl
/cae/apps/data/synopsys-2016/common/auxx/gui/common/histogram/pkgIndex.tcl
/cae/apps/data/synopsys-2016/common/auxx/gui/common/tcl-dp/pkgIndex.tcl
/cae/apps/data/synopsys-2016/common/auxx/gui/common/timing/pkgIndex.tcl
/cae/apps/data/synopsys-2016/common/auxx/gui/common/view/pkgIndex.tcl
/cae/apps/data/synopsys-2016/common/auxx/gui/common/pathinspector/pkgIndex.tcl
/cae/apps/data/synopsys-2016/common/auxx/gui/common/strokes/pkgIndex.tcl
/cae/apps/data/synopsys-2016/common/auxx/gui/common/acg/pkgIndex.tcl
/cae/apps/data/synopsys-2016/common/auxx/gui/common/setup/pkgIndex.tcl
/cae/apps/data/synopsys-2016/common/auxx/gui/common/select/pkgIndex.tcl
/cae/apps/data/synopsys-2016/common/auxx/gui/common/docBrowser/pkgIndex.tcl
/cae/apps/data/synopsys-2016/common/auxx/gui/common/misc/pkgIndex.tcl
/cae/apps/data/synopsys-2016/common/auxx/gui/common/commandform/pkgIndex.tcl
/cae/apps/data/synopsys-2016/common/auxx/gui/common/schematic/pkgIndex.tcl
/cae/apps/data/synopsys-2016/common/auxx/gui/common/WindowFrameWork/pkgIndex.tcl
/cae/apps/data/synopsys-2016/common/auxx/gui/common/tq/pkgIndex.tcl
/cae/apps/data/synopsys-2016/common/auxx/gui/common/dialogs/pkgIndex.tcl
/cae/apps/data/synopsys-2016/common/auxx/gui/common/mrupalette/pkgIndex.tcl
/cae/apps/data/synopsys-2016/common/auxx/gui/common/iQ/pkgIndex.tcl
/cae/apps/data/synopsys-2016/common/auxx/gui/common/tiledview/pkgIndex.tcl
/cae/apps/data/synopsys-2016/common/auxx/gui/common/highlight/pkgIndex.tcl
/cae/apps/data/synopsys-2016/common/auxx/gui/common/profiler/pkgIndex.tcl
/cae/apps/data/synopsys-2016/common/auxx/gui/common/opdlg/pkgIndex.tcl
/cae/apps/data/synopsys-2016/common/auxx/gui/dv/pkgIndex.tcl
/cae/apps/data/synopsys-2016/common/auxx/syn/lib/pkgIndex.tcl
/cae/apps/data/synopsys-2016/common/auxx/tcllib/lib/iwidgets4.1/pkgIndex.tcl
/cae/apps/data/synopsys-2016/common/auxx/tcllib/snps_tcl/snpsTest/pkgIndex.tcl
/cae/apps/data/synopsys-2016/common/auxx/tcllib/snps_tcl/snpsUtils/pkgIndex.tcl
/cae/apps/data/synopsys-2016/common/auxx/tcllib/snps_tcl/snpsTclPro/pkgIndex.tcl
/cae/apps/data/synopsys-2016/common/auxx/tcllib/snps_tcl/pkgIndex.tcl
/cae/apps/data/synopsys-2016/common/auxx/tcllib/lib/tcl8.6/reg/pkgIndex.tcl
/cae/apps/data/synopsys-2016/common/auxx/tcllib/lib/tcl8.6/opt/pkgIndex.tcl
/cae/apps/data/synopsys-2016/common/auxx/tcllib/lib/tcl8.6/msgcat/pkgIndex.tcl
/cae/apps/data/synopsys-2016/common/auxx/tcllib/lib/tcl8.6/tcltest/pkgIndex.tcl
/cae/apps/data/synopsys-2016/common/auxx/tcllib/lib/tcl8.6/platform/pkgIndex.tcl
/cae/apps/data/synopsys-2016/common/auxx/tcllib/lib/tcl8.6/http1.0/pkgIndex.tcl
/cae/apps/data/synopsys-2016/common/auxx/tcllib/lib/tcl8.6/http/pkgIndex.tcl
/cae/apps/data/synopsys-2016/common/auxx/tcllib/lib/tcl8.6/dde/pkgIndex.tcl
/cae/apps/data/synopsys-2016/common/auxx/gui/common/setup/snpsCommonSetup.tcl
/cae/apps/data/synopsys-2016/common/auxx/gui/common/setup/snpsCustomize.tcl
/cae/apps/data/synopsys-2016/common/auxx/gui/common/setup/snpsProcheck.tcl
/cae/apps/data/synopsys-2016/common/auxx/gui/common/qtcl/.synopsys_qtcl.tcl
/cae/apps/data/synopsys-2016/common/auxx/gui/common/highlight/highlight.tcl
/cae/apps/data/synopsys-2016/common/auxx/gui/common/misc/base.tcl
/cae/apps/data/synopsys-2016/common/auxx/gui/common/misc/timing.tcl
/cae/apps/data/synopsys-2016/common/auxx/gui/common/misc/setting.tcl
/cae/apps/data/synopsys-2016/common/auxx/gui/common/misc/preset.tcl
/cae/apps/data/synopsys-2016/common/auxx/gui/common/WindowFrameWork/windowFrameWork.tcl
/cae/apps/data/synopsys-2016/common/auxx/gui/common/WindowFrameWork/skipBusyCursorCmdList.tcl
/cae/apps/data/synopsys-2016/common/auxx/gui/common/docBrowser/docBrowser.tcl
/cae/apps/data/synopsys-2016/common/auxx/tcllib/snps_tcl/snpsUtils/snpsUtils.tcl
/cae/apps/data/synopsys-2016/common/auxx/gui/common/dialogs/ObjectChooser.tcl
/cae/apps/data/synopsys-2016/common/auxx/gui/common/misc/DialogObjectChooser.tcl
/cae/apps/data/synopsys-2016/common/auxx/gui/common/dialogs/HistBinInformation.tcl
/cae/apps/data/synopsys-2016/common/auxx/gui/common/dialogs/HistBin1Information.tcl
/cae/apps/data/synopsys-2016/common/auxx/gui/common/dialogs/BinsOnlyInformation.tcl
/cae/apps/data/synopsys-2016/common/auxx/gui/common/dialogs/FileChooser.tcl
/cae/apps/data/synopsys-2016/common/auxx/gui/common/dialogs/PathPinSimpleInfo.tcl
/cae/apps/data/synopsys-2016/common/auxx/gui/common/dialogs/PathsBasicInfo.tcl
/cae/apps/data/synopsys-2016/common/auxx/gui/common/dialogs/PathsBasicSimpleInfo.tcl
/cae/apps/data/synopsys-2016/common/auxx/gui/common/dialogs/SlctOperationInfo.tcl
/cae/apps/data/synopsys-2016/common/auxx/gui/common/dialogs/ObjectListInfo.tcl
/cae/apps/data/synopsys-2016/common/auxx/gui/common/dialogs/FanInOutInfo.tcl
/cae/apps/data/synopsys-2016/common/auxx/gui/common/dialogs/NumberOfLevelsChooser.tcl
/cae/apps/data/synopsys-2016/common/auxx/gui/common/dialogs/WindowReuseInfo.tcl
/cae/apps/data/synopsys-2016/common/auxx/gui/common/dialogs/ReportOutputOptionInfo.tcl
/cae/apps/data/synopsys-2016/common/auxx/gui/common/setup/snpsCollections.tcl
/cae/apps/data/synopsys-2016/common/auxx/gui/common/dialogs/CompileLinkDesign.tcl
/cae/apps/data/synopsys-2016/common/auxx/gui/common/histogram/DialogEndpointSlack.tcl
/cae/apps/data/synopsys-2016/common/auxx/gui/common/histogram/DialogPathsSlack.tcl
/cae/apps/data/synopsys-2016/common/auxx/gui/common/histogram/DialogNetCapacitance.tcl
/cae/apps/data/synopsys-2016/common/auxx/gui/common/schematic/DialogPathSchematicFanInOut.tcl
/cae/apps/data/synopsys-2016/common/auxx/gui/common/schematic/DialogPathSchematicAddPaths.tcl
/userspace/h/hongyi/ece551/final/ECE551-N-A/FinalProject/Synthesis/syn1.dc
/cae/apps/data/tsmclibs-2013/digital/Front_End/timing_power_noise/NLDM/tcbn40lpbwp_120b/tcbn40lpbwptc.db
/cae/apps/data/tsmclibs-2013/digital/Front_End/timing_power_noise/NLDM/tpfn45gsgv18_120a/tpfn45gsgv18tc.db
/cae/apps/data/synopsys-2016/common/libraries/syn/gtech.db
/cae/apps/data/synopsys-2016/common/libraries/syn/standard.sldb
/cae/apps/data/tsmclibs-2013/digital/Front_End/timing_power_noise/NLDM/tcbn40lpbwp_120b/tcbn40lpbwptc.db
/userspace/h/hongyi/ece551/final/ECE551-N-A/FinalProject/alib-52/tcbn40lpbwptc.db.alib
/cae/apps/data/tsmclibs-2013/digital/Front_End/timing_power_noise/NLDM/tpfn45gsgv18_120a/tpfn45gsgv18tc.db
/userspace/h/hongyi/ece551/final/ECE551-N-A/FinalProject/alib-52/tpfn45gsgv18tc.db.alib
/cae/apps/data/synopsys-2016/common/libraries/syn/dw_foundation.sldb
/cae/apps/data/tsmclibs-2013/digital/Front_End/timing_power_noise/NLDM/tcbn40lpbwp_120b/tcbn40lpbwptc.db
/cae/apps/data/tsmclibs-2013/digital/Front_End/timing_power_noise/NLDM/tpfn45gsgv18_120a/tpfn45gsgv18tc.db
/userspace/h/hongyi/ece551/final/ECE551-N-A/FinalProject/alib-52/tcbn40lpbwptc.db.alib
/userspace/h/hongyi/ece551/final/ECE551-N-A/FinalProject/alib-52/tpfn45gsgv18tc.db.alib
/userspace/h/hongyi/synopsys_cache_L-2016.03/DW01/DW01_NAND2/str/tcbn40lpbwptc_2041/element.ddc
/cae/apps/data/tsmclibs-2013/digital/Front_End/timing_power_noise/NLDM/tcbn40lpbwp_120b/tcbn40lpbwptc.db
/cae/apps/data/tsmclibs-2013/digital/Front_End/timing_power_noise/NLDM/tpfn45gsgv18_120a/tpfn45gsgv18tc.db
